#
# An unexpected error has been detected by Java Runtime Environment:
#
#  SIGSEGV (0xb) at pc=0xb4e9d469, pid=11661, tid=3085679520
#
# Java VM: Java HotSpot(TM) Client VM (1.6.0-b105 mixed mode, sharing)
# Problematic frame:
# C  [liblpsolve55.so+0x43469]  mat_appendrow+0x1e9
#
# If you would like to submit a bug report, please visit:
#   http://java.sun.com/webapps/bugreport/crash.jsp
#

---------------  T H R E A D  ---------------

Current thread (0x0825b000):  JavaThread "main" [_thread_in_native, id=11664]

siginfo:si_signo=11, si_errno=0, si_code=2, si_addr=0xb4e59000

Registers:
EAX=0x082818c8, EBX=0xb4eddc6c, ECX=0x082818c8, EDX=0xb4e59000
ESP=0xb7eba800, EBP=0xb7eba8a8, ESI=0x00000000, EDI=0xb4e59001
EIP=0xb4e9d469, CR2=0xb4e59000, EFLAGS=0x00210202

Top of Stack: (sp=0xb7eba800)
0xb7eba800:   0829cfce 0829cfcd 00000082 0100000c
0xb7eba810:   00000068 00000001 b4e8d5db b4eddc6c
0xb7eba820:   082810e8 082810e8 00000000 3ff00000
0xb7eba830:   082818c8 01000001 00000001 00000000
0xb7eba840:   00000001 0000000e 0000000e 0000000c
0xb7eba850:   0000000e 01b28ff4 0827ca58 0827c720
0xb7eba860:   0827c3e8 082810e8 00b2a120 b4eddc6c
0xb7eba870:   082810e8 00000001 b7eba8a8 b4e8ef3c 

Instructions: (pc=0xb4e9d469)
0xb4e9d459:   4d 88 39 4d 08 8b 55 10 0f 94 45 af 80 7d af 00
0xb4e9d469:   c7 02 00 00 00 00 c7 42 04 00 00 00 00 0f 84 cf 

Stack: [0xb7e6b000,0xb7ebc000),  sp=0xb7eba800,  free space=318k
Native frames: (J=compiled Java code, j=interpreted, Vv=VM code, C=native code)
C  [liblpsolve55.so+0x43469]  mat_appendrow+0x1e9
C  [liblpsolve55.so+0x35543]  add_constraintex+0x113
C  [liblpsolve55j.so+0x11113]  Java_lpsolve_LpSolve_addConstraintex+0xb5
j  lpsolve.LpSolve.addConstraintex(I[D[IID)V+0
j  thebeast.pml.ILPSolverLpSolve.add(Lthebeast/nod/variable/RelationVariable;Lthebeast/nod/variable/RelationVariable;)V+423
j  thebeast.pml.IntegerLinearProgram.solve(Lthebeast/pml/GroundAtoms;)V+12
j  thebeast.pml.CuttingPlaneSolver.solve(Lthebeast/pml/GroundAtoms;I)V+58
j  thebeast.pml.parser.Shell.visitSolve(Lthebeast/pml/parser/ParserSolve;)V+33
j  thebeast.pml.parser.ParserSolve.acceptParserStatementVisitor(Lthebeast/pml/parser/ParserStatementVisitor;)V+2
j  thebeast.pml.parser.Shell.interactive()V+125
j  thebeast.pml.TheBeast.main([Ljava/lang/String;)V+99
v  ~StubRoutines::call_stub
V  [libjvm.so+0x20967d]
V  [libjvm.so+0x3057d8]
V  [libjvm.so+0x209510]
V  [libjvm.so+0x32c18f]
V  [libjvm.so+0x32eb8c]
V  [libjvm.so+0x2755f8]
C  [libjava.so+0x15224]  Java_sun_reflect_NativeMethodAccessorImpl_invoke0+0x34
j  sun.reflect.NativeMethodAccessorImpl.invoke0(Ljava/lang/reflect/Method;Ljava/lang/Object;[Ljava/lang/Object;)Ljava/lang/Object;+0
j  sun.reflect.NativeMethodAccessorImpl.invoke(Ljava/lang/Object;[Ljava/lang/Object;)Ljava/lang/Object;+87
j  sun.reflect.DelegatingMethodAccessorImpl.invoke(Ljava/lang/Object;[Ljava/lang/Object;)Ljava/lang/Object;+6
j  java.lang.reflect.Method.invoke(Ljava/lang/Object;[Ljava/lang/Object;)Ljava/lang/Object;+161
j  com.intellij.rt.execution.application.AppMain.main([Ljava/lang/String;)V+120
v  ~StubRoutines::call_stub
V  [libjvm.so+0x20967d]
V  [libjvm.so+0x3057d8]
V  [libjvm.so+0x209510]
V  [libjvm.so+0x232916]
V  [libjvm.so+0x223fbb]
C  [java+0x1b98]  JavaMain+0x2c8
C  [libpthread.so.0+0x5433]

Java frames: (J=compiled Java code, j=interpreted, Vv=VM code)
j  lpsolve.LpSolve.addConstraintex(I[D[IID)V+0
j  thebeast.pml.ILPSolverLpSolve.add(Lthebeast/nod/variable/RelationVariable;Lthebeast/nod/variable/RelationVariable;)V+423
j  thebeast.pml.IntegerLinearProgram.solve(Lthebeast/pml/GroundAtoms;)V+12
j  thebeast.pml.CuttingPlaneSolver.solve(Lthebeast/pml/GroundAtoms;I)V+58
j  thebeast.pml.parser.Shell.visitSolve(Lthebeast/pml/parser/ParserSolve;)V+33
j  thebeast.pml.parser.ParserSolve.acceptParserStatementVisitor(Lthebeast/pml/parser/ParserStatementVisitor;)V+2
j  thebeast.pml.parser.Shell.interactive()V+125
j  thebeast.pml.TheBeast.main([Ljava/lang/String;)V+99
v  ~StubRoutines::call_stub
j  sun.reflect.NativeMethodAccessorImpl.invoke0(Ljava/lang/reflect/Method;Ljava/lang/Object;[Ljava/lang/Object;)Ljava/lang/Object;+0
j  sun.reflect.NativeMethodAccessorImpl.invoke(Ljava/lang/Object;[Ljava/lang/Object;)Ljava/lang/Object;+87
j  sun.reflect.DelegatingMethodAccessorImpl.invoke(Ljava/lang/Object;[Ljava/lang/Object;)Ljava/lang/Object;+6
j  java.lang.reflect.Method.invoke(Ljava/lang/Object;[Ljava/lang/Object;)Ljava/lang/Object;+161
j  com.intellij.rt.execution.application.AppMain.main([Ljava/lang/String;)V+120
v  ~StubRoutines::call_stub

---------------  P R O C E S S  ---------------

Java Threads: ( => current thread )
  0x08371400 JavaThread "Monitor Ctrl-Break" daemon [_thread_in_native, id=11674]
  0x0828f800 JavaThread "Low Memory Detector" daemon [_thread_blocked, id=11672]
  0x0828dc00 JavaThread "CompilerThread0" daemon [_thread_blocked, id=11671]
  0x0828c800 JavaThread "Signal Dispatcher" daemon [_thread_blocked, id=11670]
  0x08284400 JavaThread "Finalizer" daemon [_thread_blocked, id=11669]
  0x08283000 JavaThread "Reference Handler" daemon [_thread_blocked, id=11668]
=>0x0825b000 JavaThread "main" [_thread_in_native, id=11664]

Other Threads:
  0x08279800 VMThread [id=11667]
  0x08291000 WatcherThread [id=11673]

VM state:not at safepoint (normal execution)

VM Mutex/Monitor currently owned by a thread: None

Heap
 def new generation   total 960K, used 540K [0x70b70000, 0x70c70000, 0x731e0000)
  eden space 896K,  59% used [0x70b70000, 0x70bf5140, 0x70c50000)
  from space 64K,  13% used [0x70c60000, 0x70c62220, 0x70c70000)
  to   space 64K,   0% used [0x70c50000, 0x70c50000, 0x70c60000)
 tenured generation   total 8440K, used 5363K [0x731e0000, 0x73a1e000, 0x8ff70000)
   the space 8440K,  63% used [0x731e0000, 0x7371cc30, 0x7371ce00, 0x73a1e000)
 compacting perm gen  total 12288K, used 1597K [0x8ff70000, 0x90b70000, 0x93f70000)
   the space 12288K,  13% used [0x8ff70000, 0x900ff6e8, 0x900ff800, 0x90b70000)
    ro space 8192K,  73% used [0x93f70000, 0x9454e548, 0x9454e600, 0x94770000)
    rw space 12288K,  57% used [0x94770000, 0x94e616c0, 0x94e61800, 0x95370000)

Dynamic libraries:
00101000-001e0000 r-xp 00000000 08:01 134941     /usr/lib/libstdc++.so.6.0.8
001e0000-001e4000 r-xp 000de000 08:01 134941     /usr/lib/libstdc++.so.6.0.8
001e4000-001e5000 rwxp 000e2000 08:01 134941     /usr/lib/libstdc++.so.6.0.8
001e5000-001eb000 rwxp 001e5000 00:00 0 
00308000-0031a000 r-xp 00000000 08:01 2389467    /lib/libnsl-2.4.so
0031a000-0031b000 r-xp 00011000 08:01 2389467    /lib/libnsl-2.4.so
0031b000-0031c000 rwxp 00012000 08:01 2389467    /lib/libnsl-2.4.so
0031c000-0031e000 rwxp 0031c000 00:00 0 
00320000-0032f000 r-xp 00000000 08:01 2387643    /lib/libresolv-2.4.so
0032f000-00330000 r-xp 0000e000 08:01 2387643    /lib/libresolv-2.4.so
00330000-00331000 rwxp 0000f000 08:01 2387643    /lib/libresolv-2.4.so
00331000-00333000 rwxp 00331000 00:00 0 
00559000-0055b000 r-xp 00000000 08:01 2387644    /lib/libcom_err.so.2.1
0055b000-0055c000 rwxp 00001000 08:01 2387644    /lib/libcom_err.so.2.1
009dc000-009dd000 r-xp 009dc000 00:00 0          [vdso]
009dd000-009f6000 r-xp 00000000 08:01 2387431    /lib/ld-2.4.so
009f6000-009f7000 r-xp 00018000 08:01 2387431    /lib/ld-2.4.so
009f7000-009f8000 rwxp 00019000 08:01 2387431    /lib/ld-2.4.so
009fa000-00b27000 r-xp 00000000 08:01 2387433    /lib/libc-2.4.so
00b27000-00b29000 r-xp 0012d000 08:01 2387433    /lib/libc-2.4.so
00b29000-00b2a000 rwxp 0012f000 08:01 2387433    /lib/libc-2.4.so
00b2a000-00b2d000 rwxp 00b2a000 00:00 0 
00b2f000-00b36000 r-xp 00000000 08:01 1197682    /usr/lib/jvm/java-1.6.0-sun-1.6.0.0/jre/lib/i386/jli/libjli.so
00b36000-00b38000 rwxp 00006000 08:01 1197682    /usr/lib/jvm/java-1.6.0-sun-1.6.0.0/jre/lib/i386/jli/libjli.so
00b56000-00b58000 r-xp 00000000 08:01 2387636    /lib/libdl-2.4.so
00b58000-00b59000 r-xp 00001000 08:01 2387636    /lib/libdl-2.4.so
00b59000-00b5a000 rwxp 00002000 08:01 2387636    /lib/libdl-2.4.so
00c7d000-00c8d000 r-xp 00000000 08:01 2387633    /lib/libpthread-2.4.so
00c8d000-00c8e000 r-xp 0000f000 08:01 2387633    /lib/libpthread-2.4.so
00c8e000-00c8f000 rwxp 00010000 08:01 2387633    /lib/libpthread-2.4.so
00c8f000-00c91000 rwxp 00c8f000 00:00 0 
00d3c000-00d47000 r-xp 00000000 08:01 2387798    /lib/libgcc_s-4.1.1-20070108.so.1
00d47000-00d48000 rwxp 0000a000 08:01 2387798    /lib/libgcc_s-4.1.1-20070108.so.1
06000000-06412000 r-xp 00000000 08:01 1200600    /usr/lib/jvm/java-1.6.0-sun-1.6.0.0/jre/lib/i386/client/libjvm.so
06412000-0642b000 rwxp 00411000 08:01 1200600    /usr/lib/jvm/java-1.6.0-sun-1.6.0.0/jre/lib/i386/client/libjvm.so
0642b000-0684a000 rwxp 0642b000 00:00 0 
08048000-08052000 r-xp 00000000 08:01 1427823    /usr/lib/jvm/java-1.6.0-sun-1.6.0.0/bin/java
08052000-08053000 rwxp 00009000 08:01 1427823    /usr/lib/jvm/java-1.6.0-sun-1.6.0.0/bin/java
08243000-086ab000 rwxp 08243000 00:00 0          [heap]
70b70000-70c70000 rwxp 70b70000 00:00 0 
70c70000-731e0000 rwxp 70c70000 00:00 0 
731e0000-73a1e000 rwxp 731e0000 00:00 0 
73a1e000-8ff70000 rwxp 73a1e000 00:00 0 
8ff70000-90b70000 rwxp 8ff70000 00:00 0 
90b70000-93f70000 rwxp 90b70000 00:00 0 
93f70000-9454f000 r-xs 00001000 08:01 1200598    /usr/lib/jvm/java-1.6.0-sun-1.6.0.0/jre/lib/i386/client/classes.jsa
9454f000-94770000 rwxp 9454f000 00:00 0 
94770000-94e62000 rwxp 005e0000 08:01 1200598    /usr/lib/jvm/java-1.6.0-sun-1.6.0.0/jre/lib/i386/client/classes.jsa
94e62000-95370000 rwxp 94e62000 00:00 0 
95370000-95449000 rwxp 00cd2000 08:01 1200598    /usr/lib/jvm/java-1.6.0-sun-1.6.0.0/jre/lib/i386/client/classes.jsa
95449000-95770000 rwxp 95449000 00:00 0 
95770000-95774000 r-xs 00dab000 08:01 1200598    /usr/lib/jvm/java-1.6.0-sun-1.6.0.0/jre/lib/i386/client/classes.jsa
95774000-95b70000 rwxp 95774000 00:00 0 
b4e58000-b4e59000 rwxp b4e58000 00:00 0 
b4e59000-b4e5a000 r-xp b4e59000 00:00 0 
b4e5a000-b4edd000 r-xp 00000000 00:1c 1124082    /amd/nfs/sphinx/disk/ptn137/s0349492/projects/thebeast/bin/linux/liblpsolve55.so
b4edd000-b4edf000 rwxp 00082000 00:1c 1124082    /amd/nfs/sphinx/disk/ptn137/s0349492/projects/thebeast/bin/linux/liblpsolve55.so
b4edf000-b4ef1000 rwxp b4edf000 00:00 0 
b4ef1000-b4f06000 r-xp 00000000 00:1c 1124081    /amd/nfs/sphinx/disk/ptn137/s0349492/projects/thebeast/bin/linux/liblpsolve55j.so
b4f06000-b4f07000 rwxp 00014000 00:1c 1124081    /amd/nfs/sphinx/disk/ptn137/s0349492/projects/thebeast/bin/linux/liblpsolve55j.so
b4f07000-b4f1a000 r-xp 00000000 08:01 1200631    /usr/lib/jvm/java-1.6.0-sun-1.6.0.0/jre/lib/i386/libnet.so
b4f1a000-b4f1b000 rwxp 00013000 08:01 1200631    /usr/lib/jvm/java-1.6.0-sun-1.6.0.0/jre/lib/i386/libnet.so
b4f1b000-b4f4b000 rwxp b4f1b000 00:00 0 
b4f4b000-b50c5000 r-xs 02c68000 08:01 1200652    /usr/lib/jvm/java-1.6.0-sun-1.6.0.0/jre/lib/rt.jar
b50c5000-b50c8000 --xp b50c5000 00:00 0 
b50c8000-b5116000 rwxp b50c8000 00:00 0 
b5116000-b5117000 r-xp 00000000 00:1c 460354     /amd/nfs/sphinx/disk/ptn137/s0349492/opt/idea-6148/bin/libbreakgen.so
b5117000-b5118000 rwxp 00000000 00:1c 460354     /amd/nfs/sphinx/disk/ptn137/s0349492/opt/idea-6148/bin/libbreakgen.so
b5118000-b511b000 r-xs 00023000 00:1c 4839855    /amd/nfs/sphinx/disk/ptn137/s0349492/opt/idea-6148/lib/idea_rt.jar
b511b000-b511d000 r-xs 00016000 00:1c 2568594    /amd/nfs/sphinx/disk/ptn137/s0349492/projects/thebeast/lib/java-cup-11a.jar
b511d000-b511f000 r-xs 00006000 00:1c 2568510    /amd/nfs/sphinx/disk/ptn137/s0349492/projects/thebeast/lib/lpsolve55j.jar
b511f000-b5122000 r-xs 0001b000 00:1c 2568511    /amd/nfs/sphinx/disk/ptn137/s0349492/projects/thebeast/lib/junit.jar
b5122000-b5124000 r-xs 0000f000 00:1c 2568512    /amd/nfs/sphinx/disk/ptn137/s0349492/projects/thebeast/lib/JSAP-2.1.jar
b5124000-b512d000 r-xs 000c7000 08:01 1200659    /usr/lib/jvm/java-1.6.0-sun-1.6.0.0/jre/lib/plugin.jar
b512d000-b5134000 r-xs 00106000 08:01 1200651    /usr/lib/jvm/java-1.6.0-sun-1.6.0.0/jre/lib/resources.jar
b5134000-b5135000 r-xs 00000000 08:01 1200646    /usr/lib/jvm/java-1.6.0-sun-1.6.0.0/jre/lib/management-agent.jar
b5135000-b5165000 rwxp b5135000 00:00 0 
b5165000-b52df000 r-xs 02c68000 08:01 1200652    /usr/lib/jvm/java-1.6.0-sun-1.6.0.0/jre/lib/rt.jar
b52df000-b52e5000 r-xs 00091000 08:01 1200643    /usr/lib/jvm/java-1.6.0-sun-1.6.0.0/jre/lib/jsse.jar
b52e5000-b52e8000 r-xs 00013000 08:01 1200641    /usr/lib/jvm/java-1.6.0-sun-1.6.0.0/jre/lib/jce.jar
b52e8000-b52f0000 r-xs 000a6000 08:01 1200640    /usr/lib/jvm/java-1.6.0-sun-1.6.0.0/jre/lib/javaws.jar
b52f0000-b52fe000 r-xs 00280000 08:01 1200470    /usr/lib/jvm/java-1.6.0-sun-1.6.0.0/jre/lib/deploy.jar
b52fe000-b530c000 r-xs 00656000 08:01 1200460    /usr/lib/jvm/java-1.6.0-sun-1.6.0.0/jre/lib/charsets.jar
b530c000-b530d000 --xp b530c000 00:00 0 
b530d000-b538d000 rwxp b530d000 00:00 0 
b538d000-b5390000 --xp b538d000 00:00 0 
b5390000-b53de000 rwxp b5390000 00:00 0 
b53de000-b53e1000 --xp b53de000 00:00 0 
b53e1000-b545f000 rwxp b53e1000 00:00 0 
b545f000-b5462000 --xp b545f000 00:00 0 
b5462000-b54b0000 rwxp b5462000 00:00 0 
b54b0000-b5588000 r-xp 0018c000 08:01 138684     /usr/lib/locale/locale-archive
b5588000-b5788000 r-xp 00000000 08:01 138684     /usr/lib/locale/locale-archive
b5788000-b578b000 --xp b5788000 00:00 0 
b578b000-b57d9000 rwxp b578b000 00:00 0 
b57d9000-b57dc000 --xp b57d9000 00:00 0 
b57dc000-b582a000 rwxp b57dc000 00:00 0 
b582a000-b582b000 --xp b582a000 00:00 0 
b582b000-b58b2000 rwxp b582b000 00:00 0 
b58b2000-b58cc000 rwxp b58b2000 00:00 0 
b58cc000-b58d1000 rwxp b58cc000 00:00 0 
b58d1000-b59b3000 rwxp b58d1000 00:00 0 
b59b3000-b59b4000 rwxp b59b3000 00:00 0 
b59b4000-b59c6000 rwxp b59b4000 00:00 0 
b59c6000-b59cb000 rwxp b59c6000 00:00 0 
b59cb000-b5aad000 rwxp b59cb000 00:00 0 
b5aad000-b5ab3000 rwxp b5aad000 00:00 0 
b5ab3000-b5acd000 rwxp b5ab3000 00:00 0 
b5acd000-b5add000 rwxp b5acd000 00:00 0 
b5add000-b5b58000 rwxp b5add000 00:00 0 
b5b58000-b5c88000 rwxp b5b58000 00:00 0 
b5c88000-b7b58000 rwxp b5c88000 00:00 0 
b7b58000-b7b67000 r-xp 00000000 08:01 1200639    /usr/lib/jvm/java-1.6.0-sun-1.6.0.0/jre/lib/i386/libzip.so
b7b67000-b7b69000 rwxp 0000e000 08:01 1200639    /usr/lib/jvm/java-1.6.0-sun-1.6.0.0/jre/lib/i386/libzip.so
b7b69000-b7e10000 r-xp 00000000 08:01 2387627    /lib/libnss_ldap-2.3.90.so
b7e10000-b7e27000 rwxp 002a7000 08:01 2387627    /lib/libnss_ldap-2.3.90.so
b7e27000-b7e36000 rwxp b7e27000 00:00 0 
b7e36000-b7e37000 r-xp 0071d000 08:01 138684     /usr/lib/locale/locale-archive
b7e37000-b7e3e000 rwxp b7e37000 00:00 0 
b7e3e000-b7e61000 r-xp 00000000 08:01 1200620    /usr/lib/jvm/java-1.6.0-sun-1.6.0.0/jre/lib/i386/libjava.so
b7e61000-b7e63000 rwxp 00023000 08:01 1200620    /usr/lib/jvm/java-1.6.0-sun-1.6.0.0/jre/lib/i386/libjava.so
b7e63000-b7e69000 r-xp 00000000 08:01 2389464    /lib/librt-2.4.so
b7e69000-b7e6a000 r-xp 00006000 08:01 2389464    /lib/librt-2.4.so
b7e6a000-b7e6b000 rwxp 00007000 08:01 2389464    /lib/librt-2.4.so
b7e6b000-b7e6e000 --xp b7e6b000 00:00 0 
b7e6e000-b7ebc000 rwxp b7e6e000 00:00 0 
b7ebc000-b7edf000 r-xp 00000000 08:01 2387631    /lib/libm-2.4.so
b7edf000-b7ee0000 r-xp 00022000 08:01 2387631    /lib/libm-2.4.so
b7ee0000-b7ee1000 rwxp 00023000 08:01 2387631    /lib/libm-2.4.so
b7ee1000-b7ee8000 rwxp b7ee1000 00:00 0 
b7ee8000-b7ef3000 r-xp 00000000 08:01 1200638    /usr/lib/jvm/java-1.6.0-sun-1.6.0.0/jre/lib/i386/libverify.so
b7ef3000-b7ef4000 rwxp 0000b000 08:01 1200638    /usr/lib/jvm/java-1.6.0-sun-1.6.0.0/jre/lib/i386/libverify.so
b7ef4000-b7efc000 rwxs 00000000 08:01 2850865    /tmp/hsperfdata_s0349492/11661
b7efc000-b7f05000 r-xp 00000000 08:01 2387432    /lib/libnss_files-2.4.so
b7f05000-b7f06000 r-xp 00008000 08:01 2387432    /lib/libnss_files-2.4.so
b7f06000-b7f07000 rwxp 00009000 08:01 2387432    /lib/libnss_files-2.4.so
b7f07000-b7f0d000 r-xp 00000000 08:01 1422855    /usr/lib/jvm/java-1.6.0-sun-1.6.0.0/jre/lib/i386/native_threads/libhpi.so
b7f0d000-b7f0e000 rwxp 00006000 08:01 1422855    /usr/lib/jvm/java-1.6.0-sun-1.6.0.0/jre/lib/i386/native_threads/libhpi.so
b7f0e000-b7f0f000 rwxp b7f0e000 00:00 0 
b7f0f000-b7f10000 r-xp b7f0f000 00:00 0 
b7f10000-b7f11000 rwxp b7f10000 00:00 0 
bfd1f000-bfd36000 rwxp bfd1f000 00:00 0          [stack]

VM Arguments:
jvm_args: -Xmx500m -Dhome=/home/s0349492/projects/thebeast/applications/depparse/ -Didea.launcher.port=7539 -Didea.launcher.bin.path=/amd/nfs/sphinx/disk/ptn137/s0349492/opt/idea-6148/bin -Dfile.encoding=UTF-8
java_command: com.intellij.rt.execution.application.AppMain thebeast.pml.TheBeast
Launcher Type: SUN_STANDARD

Environment Variables:
CLASSPATH=../lib/idea.jar:../lib/openapi.jar:../lib/jdom.jar:../lib/log4j.jar:../lib/extensions.jar:/usr/lib/jvm/java-1.6.0/lib/tools.jar:
PATH=/usr/lib/qt-3.3/bin:/usr/kerberos/bin:/group/contrib/nlp-speech/bin:/bin:/usr/local/bin/:/usr/X11R6/bin:/usr/local/sbin:/usr/bin:/bin:/group/ltg/projects/lcontrib/bin:/group/ltg/projects/EASIE/lll/bin:/group/project/trashtalk/bin:/home/s0349492/bin:/home/s0349492/programs/srilm/bin/i686:/home/s0349492/opt/dbparser/bin:/home/s0349492/usr/local/bin:/opt/sicstus-3.12.5/bin
USERNAME=s0349492
LD_LIBRARY_PATH=/usr/lib/jvm/java-1.6.0-sun-1.6.0.0/jre/lib/i386/client:/usr/lib/jvm/java-1.6.0-sun-1.6.0.0/jre/lib/i386:/usr/lib/jvm/java-1.6.0-sun-1.6.0.0/jre/../lib/i386:.:
SHELL=/bin/bash
DISPLAY=:0.0
ARCH=linux-x86

Signal Handlers:
SIGSEGV: [libjvm.so+0x3aea90], sa_mask[0]=0x7ffbfeff, sa_flags=0x10000004
SIGBUS: [libjvm.so+0x3aea90], sa_mask[0]=0x7ffbfeff, sa_flags=0x10000004
SIGFPE: [libjvm.so+0x304e70], sa_mask[0]=0x7ffbfeff, sa_flags=0x10000004
SIGPIPE: [libjvm.so+0x304e70], sa_mask[0]=0x7ffbfeff, sa_flags=0x10000004
SIGILL: [libjvm.so+0x304e70], sa_mask[0]=0x7ffbfeff, sa_flags=0x10000004
SIGUSR1: SIG_DFL, sa_mask[0]=0x00000000, sa_flags=0x00000000
SIGUSR2: [libjvm.so+0x306e80], sa_mask[0]=0x00000004, sa_flags=0x10000004
SIGHUP: [libjvm.so+0x3068a0], sa_mask[0]=0x7ffbfeff, sa_flags=0x10000004
SIGINT: [libjvm.so+0x3068a0], sa_mask[0]=0x7ffbfeff, sa_flags=0x10000004
SIGQUIT: [libjvm.so+0x3068a0], sa_mask[0]=0x7ffbfeff, sa_flags=0x10000004
SIGTERM: [libjvm.so+0x3068a0], sa_mask[0]=0x7ffbfeff, sa_flags=0x10000004
SIGUSR2: [libjvm.so+0x306e80], sa_mask[0]=0x00000004, sa_flags=0x10000004


---------------  S Y S T E M  ---------------

OS:Fedora Core release 5 (Bordeaux)

uname:Linux 2.6.17-1.2174_FC5_dice_1.1 #1 Fri Sep 8 10:47:49 BST 2006 i686
libc:glibc 2.4 NPTL 2.4 
rlimit: STACK 10240k, CORE 0k, NPROC 16254, NOFILE 1024, AS infinity
load average:0.29 0.42 0.47

CPU:total 1 family 15, cmov, cx8, fxsr, mmx, sse, sse2, ht

Memory: 4k page, physical 1026872k(24836k free), swap 2048276k(1328452k free)

vm_info: Java HotSpot(TM) Client VM (1.6.0-b105) for linux-x86, built on Nov 29 2006 01:24:38 by "java_re" with gcc 3.2.1-7a (J2SE release)

