#
# An unexpected error has been detected by Java Runtime Environment:
#
#  SIGSEGV (0xb) at pc=0x91c62469, pid=12420, tid=3086539680
#
# Java VM: Java HotSpot(TM) Client VM (1.6.0-b105 mixed mode)
# Problematic frame:
# C  [liblpsolve55.so+0x43469]  mat_appendrow+0x1e9
#
# If you would like to submit a bug report, please visit:
#   http://java.sun.com/webapps/bugreport/crash.jsp
#

---------------  T H R E A D  ---------------

Current thread (0x0868a000):  JavaThread "main" [_thread_in_native, id=12421]

siginfo:si_signo=11, si_errno=0, si_code=2, si_addr=0xb7fb5000

Registers:
EAX=0x08afc0c0, EBX=0x91ca2c6c, ECX=0x08afc0c0, EDX=0xb7fb5000
ESP=0xb7f8cd30, EBP=0xb7f8cdd8, ESI=0x00000000, EDI=0xb7fb5001
EIP=0x91c62469, CR2=0xb7fb5000, EFLAGS=0x00210202

Top of Stack: (sp=0xb7f8cd30)
0xb7f8cd30:   08aff1ac 08aff1ab 00000080 017f0c7f
0xb7f8cd40:   00000058 00000001 91c525db 91ca2c6c
0xb7f8cd50:   08afe150 08afe150 00000000 3ff00000
0xb7f8cd60:   08afc0c0 01000001 00000001 00000000
0xb7f8cd70:   00000001 0868ea00 0000008b 0000000a
0xb7f8cd80:   0868a03c 01000b3a 08980f68 08980c30
0xb7f8cd90:   089808f8 08afe150 00000b3a 91ca2c6c
0xb7f8cda0:   08afe150 00000001 b7f8cdd8 91c53f3c 

Instructions: (pc=0x91c62469)
0x91c62459:   4d 88 39 4d 08 8b 55 10 0f 94 45 af 80 7d af 00
0x91c62469:   c7 02 00 00 00 00 c7 42 04 00 00 00 00 0f 84 cf 

Stack: [0xb7f3d000,0xb7f8e000),  sp=0xb7f8cd30,  free space=319k
Native frames: (J=compiled Java code, j=interpreted, Vv=VM code, C=native code)
C  [liblpsolve55.so+0x43469]  mat_appendrow+0x1e9
C  [liblpsolve55.so+0x35543]  add_constraintex+0x113
C  [liblpsolve55j.so+0x11113]  Java_lpsolve_LpSolve_addConstraintex+0xb5
j  lpsolve.LpSolve.addConstraintex(I[D[IID)V+0
j  thebeast.pml.ILPSolverLpSolve.add(Lthebeast/nod/variable/RelationVariable;Lthebeast/nod/variable/RelationVariable;)V+423
j  thebeast.pml.IntegerLinearProgram.solve(Lthebeast/pml/GroundAtoms;)V+12
j  thebeast.pml.CuttingPlaneSolver.solve(Lthebeast/pml/GroundAtoms;I)V+58
j  thebeast.pml.parser.Shell.visitSolve(Lthebeast/pml/parser/ParserSolve;)V+33
j  thebeast.pml.parser.ParserSolve.acceptParserStatementVisitor(Lthebeast/pml/parser/ParserStatementVisitor;)V+2
j  thebeast.pml.parser.Shell.interactive()V+125
j  thebeast.pml.TheBeast.main([Ljava/lang/String;)V+99
v  ~StubRoutines::call_stub
V  [libjvm.so+0x20967d]
V  [libjvm.so+0x3057d8]
V  [libjvm.so+0x209510]
V  [libjvm.so+0x232916]
V  [libjvm.so+0x223fbb]
C  [java+0x1b98]  JavaMain+0x2c8
C  [libpthread.so.0+0x5433]

Java frames: (J=compiled Java code, j=interpreted, Vv=VM code)
j  lpsolve.LpSolve.addConstraintex(I[D[IID)V+0
j  thebeast.pml.ILPSolverLpSolve.add(Lthebeast/nod/variable/RelationVariable;Lthebeast/nod/variable/RelationVariable;)V+423
j  thebeast.pml.IntegerLinearProgram.solve(Lthebeast/pml/GroundAtoms;)V+12
j  thebeast.pml.CuttingPlaneSolver.solve(Lthebeast/pml/GroundAtoms;I)V+58
j  thebeast.pml.parser.Shell.visitSolve(Lthebeast/pml/parser/ParserSolve;)V+33
j  thebeast.pml.parser.ParserSolve.acceptParserStatementVisitor(Lthebeast/pml/parser/ParserStatementVisitor;)V+2
j  thebeast.pml.parser.Shell.interactive()V+125
j  thebeast.pml.TheBeast.main([Ljava/lang/String;)V+99
v  ~StubRoutines::call_stub

---------------  P R O C E S S  ---------------

Java Threads: ( => current thread )
  0x08705400 JavaThread "Low Memory Detector" daemon [_thread_blocked, id=12438]
  0x08704000 JavaThread "CompilerThread0" daemon [_thread_blocked, id=12437]
  0x086f8000 JavaThread "JDWP Command Reader" daemon [_thread_in_native, id=12434]
  0x086f6400 JavaThread "JDWP Event Helper Thread" daemon [_thread_blocked, id=12433]
  0x086f4400 JavaThread "JDWP Transport Listener: dt_socket" daemon [_thread_blocked, id=12432]
  0x086ecc00 JavaThread "Signal Dispatcher" daemon [_thread_blocked, id=12429]
  0x086da400 JavaThread "Finalizer" daemon [_thread_blocked, id=12428]
  0x086d9000 JavaThread "Reference Handler" daemon [_thread_blocked, id=12427]
=>0x0868a000 JavaThread "main" [_thread_in_native, id=12421]

Other Threads:
  0x086d6000 VMThread [id=12426]
  0x08706c00 WatcherThread [id=12439]

VM state:not at safepoint (normal execution)

VM Mutex/Monitor currently owned by a thread: None

Heap
 def new generation   total 960K, used 770K [0x92480000, 0x92580000, 0x94af0000)
  eden space 896K,  85% used [0x92480000, 0x9253e6e8, 0x92560000)
  from space 64K,  13% used [0x92570000, 0x92572220, 0x92580000)
  to   space 64K,   0% used [0x92560000, 0x92560000, 0x92570000)
 tenured generation   total 8452K, used 5361K [0x94af0000, 0x95331000, 0xb1880000)
   the space 8452K,  63% used [0x94af0000, 0x9502c508, 0x9502c600, 0x95331000)
 compacting perm gen  total 12288K, used 3942K [0xb1880000, 0xb2480000, 0xb5880000)
   the space 12288K,  32% used [0xb1880000, 0xb1c59a38, 0xb1c59c00, 0xb2480000)
No shared spaces configured.

Dynamic libraries:
00101000-001e0000 r-xp 00000000 08:01 134941     /usr/lib/libstdc++.so.6.0.8
001e0000-001e4000 r-xp 000de000 08:01 134941     /usr/lib/libstdc++.so.6.0.8
001e4000-001e5000 rwxp 000e2000 08:01 134941     /usr/lib/libstdc++.so.6.0.8
001e5000-001eb000 rwxp 001e5000 00:00 0 
00308000-0031a000 r-xp 00000000 08:01 2389467    /lib/libnsl-2.4.so
0031a000-0031b000 r-xp 00011000 08:01 2389467    /lib/libnsl-2.4.so
0031b000-0031c000 rwxp 00012000 08:01 2389467    /lib/libnsl-2.4.so
0031c000-0031e000 rwxp 0031c000 00:00 0 
00320000-0032f000 r-xp 00000000 08:01 2387643    /lib/libresolv-2.4.so
0032f000-00330000 r-xp 0000e000 08:01 2387643    /lib/libresolv-2.4.so
00330000-00331000 rwxp 0000f000 08:01 2387643    /lib/libresolv-2.4.so
00331000-00333000 rwxp 00331000 00:00 0 
00559000-0055b000 r-xp 00000000 08:01 2387644    /lib/libcom_err.so.2.1
0055b000-0055c000 rwxp 00001000 08:01 2387644    /lib/libcom_err.so.2.1
009dc000-009dd000 r-xp 009dc000 00:00 0          [vdso]
009dd000-009f6000 r-xp 00000000 08:01 2387431    /lib/ld-2.4.so
009f6000-009f7000 r-xp 00018000 08:01 2387431    /lib/ld-2.4.so
009f7000-009f8000 rwxp 00019000 08:01 2387431    /lib/ld-2.4.so
009fa000-00b27000 r-xp 00000000 08:01 2387433    /lib/libc-2.4.so
00b27000-00b29000 r-xp 0012d000 08:01 2387433    /lib/libc-2.4.so
00b29000-00b2a000 rwxp 0012f000 08:01 2387433    /lib/libc-2.4.so
00b2a000-00b2d000 rwxp 00b2a000 00:00 0 
00b2f000-00b36000 r-xp 00000000 08:01 1197682    /usr/lib/jvm/java-1.6.0-sun-1.6.0.0/jre/lib/i386/jli/libjli.so
00b36000-00b38000 rwxp 00006000 08:01 1197682    /usr/lib/jvm/java-1.6.0-sun-1.6.0.0/jre/lib/i386/jli/libjli.so
00b56000-00b58000 r-xp 00000000 08:01 2387636    /lib/libdl-2.4.so
00b58000-00b59000 r-xp 00001000 08:01 2387636    /lib/libdl-2.4.so
00b59000-00b5a000 rwxp 00002000 08:01 2387636    /lib/libdl-2.4.so
00c7d000-00c8d000 r-xp 00000000 08:01 2387633    /lib/libpthread-2.4.so
00c8d000-00c8e000 r-xp 0000f000 08:01 2387633    /lib/libpthread-2.4.so
00c8e000-00c8f000 rwxp 00010000 08:01 2387633    /lib/libpthread-2.4.so
00c8f000-00c91000 rwxp 00c8f000 00:00 0 
00d3c000-00d47000 r-xp 00000000 08:01 2387798    /lib/libgcc_s-4.1.1-20070108.so.1
00d47000-00d48000 rwxp 0000a000 08:01 2387798    /lib/libgcc_s-4.1.1-20070108.so.1
06000000-06412000 r-xp 00000000 08:01 1200600    /usr/lib/jvm/java-1.6.0-sun-1.6.0.0/jre/lib/i386/client/libjvm.so
06412000-0642b000 rwxp 00411000 08:01 1200600    /usr/lib/jvm/java-1.6.0-sun-1.6.0.0/jre/lib/i386/client/libjvm.so
0642b000-0684a000 rwxp 0642b000 00:00 0 
08048000-08052000 r-xp 00000000 08:01 1427823    /usr/lib/jvm/java-1.6.0-sun-1.6.0.0/bin/java
08052000-08053000 rwxp 00009000 08:01 1427823    /usr/lib/jvm/java-1.6.0-sun-1.6.0.0/bin/java
08671000-08b40000 rwxp 08671000 00:00 0          [heap]
91c1f000-91ca2000 r-xp 00000000 00:1c 1124082    /amd/nfs/sphinx/disk/ptn137/s0349492/projects/thebeast/bin/linux/liblpsolve55.so
91ca2000-91ca4000 rwxp 00082000 00:1c 1124082    /amd/nfs/sphinx/disk/ptn137/s0349492/projects/thebeast/bin/linux/liblpsolve55.so
91ca4000-91cb6000 rwxp 91ca4000 00:00 0 
91cb6000-91ccb000 r-xp 00000000 00:1c 1124081    /amd/nfs/sphinx/disk/ptn137/s0349492/projects/thebeast/bin/linux/liblpsolve55j.so
91ccb000-91ccc000 rwxp 00014000 00:1c 1124081    /amd/nfs/sphinx/disk/ptn137/s0349492/projects/thebeast/bin/linux/liblpsolve55j.so
91ccc000-91cce000 r-xs 00016000 00:1c 2568594    /amd/nfs/sphinx/disk/ptn137/s0349492/projects/thebeast/lib/java-cup-11a.jar
91cce000-91cd0000 r-xs 00006000 00:1c 2568510    /amd/nfs/sphinx/disk/ptn137/s0349492/projects/thebeast/lib/lpsolve55j.jar
91cd0000-91cd9000 r-xs 000c7000 08:01 1200659    /usr/lib/jvm/java-1.6.0-sun-1.6.0.0/jre/lib/plugin.jar
91cd9000-91ce7000 r-xs 00280000 08:01 1200470    /usr/lib/jvm/java-1.6.0-sun-1.6.0.0/jre/lib/deploy.jar
91ce7000-91cf5000 r-xs 00656000 08:01 1200460    /usr/lib/jvm/java-1.6.0-sun-1.6.0.0/jre/lib/charsets.jar
91cf5000-91cf6000 --xp 91cf5000 00:00 0 
91cf6000-91d76000 rwxp 91cf6000 00:00 0 
91d76000-91d79000 --xp 91d76000 00:00 0 
91d79000-91dc7000 rwxp 91d79000 00:00 0 
91dc7000-91dca000 --xp 91dc7000 00:00 0 
91dca000-91e48000 rwxp 91dca000 00:00 0 
91e48000-91e4b000 --xp 91e48000 00:00 0 
91e4b000-91e99000 rwxp 91e4b000 00:00 0 
91e99000-91e9c000 --xp 91e99000 00:00 0 
91e9c000-91eea000 rwxp 91e9c000 00:00 0 
91eea000-91eed000 --xp 91eea000 00:00 0 
91eed000-91f3b000 rwxp 91eed000 00:00 0 
91f3b000-91f3e000 r-xp 00000000 08:01 1200611    /usr/lib/jvm/java-1.6.0-sun-1.6.0.0/jre/lib/i386/libdt_socket.so
91f3e000-91f3f000 rwxp 00003000 08:01 1200611    /usr/lib/jvm/java-1.6.0-sun-1.6.0.0/jre/lib/i386/libdt_socket.so
91f3f000-91f42000 --xp 91f3f000 00:00 0 
91f42000-91f90000 rwxp 91f42000 00:00 0 
91f90000-91f93000 --xp 91f90000 00:00 0 
91f93000-91fe1000 rwxp 91f93000 00:00 0 
91fe1000-91fe4000 --xp 91fe1000 00:00 0 
91fe4000-92032000 rwxp 91fe4000 00:00 0 
92032000-92033000 --xp 92032000 00:00 0 
92033000-920e3000 rwxp 92033000 00:00 0 
920e3000-9225d000 r-xs 02c68000 08:01 1200652    /usr/lib/jvm/java-1.6.0-sun-1.6.0.0/jre/lib/rt.jar
9225d000-92264000 rwxp 9225d000 00:00 0 
92264000-9227e000 rwxp 92264000 00:00 0 
9227e000-92283000 rwxp 9227e000 00:00 0 
92283000-92365000 rwxp 92283000 00:00 0 
92365000-92366000 rwxp 92365000 00:00 0 
92366000-92378000 rwxp 92366000 00:00 0 
92378000-9237d000 rwxp 92378000 00:00 0 
9237d000-9245f000 rwxp 9237d000 00:00 0 
9245f000-92465000 rwxp 9245f000 00:00 0 
92465000-9247f000 rwxp 92465000 00:00 0 
9247f000-92580000 rwxp 9247f000 00:00 0 
92580000-94af0000 rwxp 92580000 00:00 0 
94af0000-95331000 rwxp 94af0000 00:00 0 
95331000-b1880000 rwxp 95331000 00:00 0 
b1880000-b2480000 rwxp b1880000 00:00 0 
b2480000-b5880000 rwxp b2480000 00:00 0 
b5880000-b5883000 r-xs 0001b000 00:1c 2568511    /amd/nfs/sphinx/disk/ptn137/s0349492/projects/thebeast/lib/junit.jar
b5883000-b5885000 r-xs 0000f000 00:1c 2568512    /amd/nfs/sphinx/disk/ptn137/s0349492/projects/thebeast/lib/JSAP-2.1.jar
b5885000-b588c000 r-xs 00106000 08:01 1200651    /usr/lib/jvm/java-1.6.0-sun-1.6.0.0/jre/lib/resources.jar
b588c000-b5891000 rwxp b588c000 00:00 0 
b5891000-b590c000 rwxp b5891000 00:00 0 
b590c000-b5a44000 rwxp b590c000 00:00 0 
b5a44000-b790c000 rwxp b5a44000 00:00 0 
b790c000-b791b000 r-xp 00000000 08:01 1200639    /usr/lib/jvm/java-1.6.0-sun-1.6.0.0/jre/lib/i386/libzip.so
b791b000-b791d000 rwxp 0000e000 08:01 1200639    /usr/lib/jvm/java-1.6.0-sun-1.6.0.0/jre/lib/i386/libzip.so
b791d000-b7bc4000 r-xp 00000000 08:01 2387627    /lib/libnss_ldap-2.3.90.so
b7bc4000-b7bdb000 rwxp 002a7000 08:01 2387627    /lib/libnss_ldap-2.3.90.so
b7bdb000-b7bea000 rwxp b7bdb000 00:00 0 
b7bea000-b7bf3000 r-xp 00000000 08:01 2387432    /lib/libnss_files-2.4.so
b7bf3000-b7bf4000 r-xp 00008000 08:01 2387432    /lib/libnss_files-2.4.so
b7bf4000-b7bf5000 rwxp 00009000 08:01 2387432    /lib/libnss_files-2.4.so
b7bf5000-b7bf6000 rwxp b7bf5000 00:00 0 
b7bf6000-b7bf7000 r-xs 00000000 08:01 1200646    /usr/lib/jvm/java-1.6.0-sun-1.6.0.0/jre/lib/management-agent.jar
b7bf7000-b7bfd000 r-xs 00091000 08:01 1200643    /usr/lib/jvm/java-1.6.0-sun-1.6.0.0/jre/lib/jsse.jar
b7bfd000-b7c20000 r-xp 00000000 08:01 1200620    /usr/lib/jvm/java-1.6.0-sun-1.6.0.0/jre/lib/i386/libjava.so
b7c20000-b7c22000 rwxp 00023000 08:01 1200620    /usr/lib/jvm/java-1.6.0-sun-1.6.0.0/jre/lib/i386/libjava.so
b7c22000-b7c23000 r-xp 0071d000 08:01 138684     /usr/lib/locale/locale-archive
b7c23000-b7cfb000 r-xp 0018c000 08:01 138684     /usr/lib/locale/locale-archive
b7cfb000-b7efb000 r-xp 00000000 08:01 138684     /usr/lib/locale/locale-archive
b7efb000-b7f34000 r-xp 00000000 08:01 1200623    /usr/lib/jvm/java-1.6.0-sun-1.6.0.0/jre/lib/i386/libjdwp.so
b7f34000-b7f35000 rwxp 00039000 08:01 1200623    /usr/lib/jvm/java-1.6.0-sun-1.6.0.0/jre/lib/i386/libjdwp.so
b7f35000-b7f3b000 r-xp 00000000 08:01 2389464    /lib/librt-2.4.so
b7f3b000-b7f3c000 r-xp 00006000 08:01 2389464    /lib/librt-2.4.so
b7f3c000-b7f3d000 rwxp 00007000 08:01 2389464    /lib/librt-2.4.so
b7f3d000-b7f40000 --xp b7f3d000 00:00 0 
b7f40000-b7f8e000 rwxp b7f40000 00:00 0 
b7f8e000-b7fb1000 r-xp 00000000 08:01 2387631    /lib/libm-2.4.so
b7fb1000-b7fb2000 r-xp 00022000 08:01 2387631    /lib/libm-2.4.so
b7fb2000-b7fb3000 rwxp 00023000 08:01 2387631    /lib/libm-2.4.so
b7fb3000-b7fb5000 rwxp b7fb3000 00:00 0 
b7fb5000-b7fb6000 r-xp b7fb5000 00:00 0 
b7fb6000-b7fb9000 r-xs 00013000 08:01 1200641    /usr/lib/jvm/java-1.6.0-sun-1.6.0.0/jre/lib/jce.jar
b7fb9000-b7fc1000 r-xs 000a6000 08:01 1200640    /usr/lib/jvm/java-1.6.0-sun-1.6.0.0/jre/lib/javaws.jar
b7fc1000-b7fcc000 r-xp 00000000 08:01 1200638    /usr/lib/jvm/java-1.6.0-sun-1.6.0.0/jre/lib/i386/libverify.so
b7fcc000-b7fcd000 rwxp 0000b000 08:01 1200638    /usr/lib/jvm/java-1.6.0-sun-1.6.0.0/jre/lib/i386/libverify.so
b7fcd000-b7fd5000 rwxs 00000000 08:01 2850865    /tmp/hsperfdata_s0349492/12420
b7fd5000-b7fd8000 r-xp 00000000 08:01 1200633    /usr/lib/jvm/java-1.6.0-sun-1.6.0.0/jre/lib/i386/libnpt.so
b7fd8000-b7fd9000 rwxp 00002000 08:01 1200633    /usr/lib/jvm/java-1.6.0-sun-1.6.0.0/jre/lib/i386/libnpt.so
b7fd9000-b7fdf000 r-xp 00000000 08:01 1422855    /usr/lib/jvm/java-1.6.0-sun-1.6.0.0/jre/lib/i386/native_threads/libhpi.so
b7fdf000-b7fe0000 rwxp 00006000 08:01 1422855    /usr/lib/jvm/java-1.6.0-sun-1.6.0.0/jre/lib/i386/native_threads/libhpi.so
b7fe0000-b7fe1000 rwxp b7fe0000 00:00 0 
b7fe1000-b7fe2000 r-xp b7fe1000 00:00 0 
b7fe2000-b7fe3000 rwxp b7fe2000 00:00 0 
bff4e000-bff65000 rwxp bff4e000 00:00 0          [stack]

VM Arguments:
jvm_args: -Xmx500m -Dhome=/home/s0349492/projects/thebeast/applications/depparse/ -Xdebug -Xrunjdwp:transport=dt_socket,address=127.0.0.1:45919,suspend=y,server=n -Dfile.encoding=UTF-8
java_command: thebeast.pml.TheBeast
Launcher Type: SUN_STANDARD

Environment Variables:
CLASSPATH=../lib/idea.jar:../lib/openapi.jar:../lib/jdom.jar:../lib/log4j.jar:../lib/extensions.jar:/usr/lib/jvm/java-1.6.0/lib/tools.jar:
PATH=/usr/lib/qt-3.3/bin:/usr/kerberos/bin:/group/contrib/nlp-speech/bin:/bin:/usr/local/bin/:/usr/X11R6/bin:/usr/local/sbin:/usr/bin:/bin:/group/ltg/projects/lcontrib/bin:/group/ltg/projects/EASIE/lll/bin:/group/project/trashtalk/bin:/home/s0349492/bin:/home/s0349492/programs/srilm/bin/i686:/home/s0349492/opt/dbparser/bin:/home/s0349492/usr/local/bin:/opt/sicstus-3.12.5/bin
USERNAME=s0349492
LD_LIBRARY_PATH=/usr/lib/jvm/java-1.6.0-sun-1.6.0.0/jre/lib/i386/client:/usr/lib/jvm/java-1.6.0-sun-1.6.0.0/jre/lib/i386:/usr/lib/jvm/java-1.6.0-sun-1.6.0.0/jre/../lib/i386:.:
SHELL=/bin/bash
DISPLAY=:0.0
ARCH=linux-x86

Signal Handlers:
SIGSEGV: [libjvm.so+0x3aea90], sa_mask[0]=0x7ffbfeff, sa_flags=0x10000004
SIGBUS: [libjvm.so+0x3aea90], sa_mask[0]=0x7ffbfeff, sa_flags=0x10000004
SIGFPE: [libjvm.so+0x304e70], sa_mask[0]=0x7ffbfeff, sa_flags=0x10000004
SIGPIPE: [libjvm.so+0x304e70], sa_mask[0]=0x7ffbfeff, sa_flags=0x10000004
SIGILL: [libjvm.so+0x304e70], sa_mask[0]=0x7ffbfeff, sa_flags=0x10000004
SIGUSR1: SIG_DFL, sa_mask[0]=0x00000000, sa_flags=0x00000000
SIGUSR2: [libjvm.so+0x306e80], sa_mask[0]=0x00000004, sa_flags=0x10000004
SIGHUP: [libjvm.so+0x3068a0], sa_mask[0]=0x7ffbfeff, sa_flags=0x10000004
SIGINT: [libjvm.so+0x3068a0], sa_mask[0]=0x7ffbfeff, sa_flags=0x10000004
SIGQUIT: [libjvm.so+0x3068a0], sa_mask[0]=0x7ffbfeff, sa_flags=0x10000004
SIGTERM: [libjvm.so+0x3068a0], sa_mask[0]=0x7ffbfeff, sa_flags=0x10000004
SIGUSR2: [libjvm.so+0x306e80], sa_mask[0]=0x00000004, sa_flags=0x10000004


---------------  S Y S T E M  ---------------

OS:Fedora Core release 5 (Bordeaux)

uname:Linux 2.6.17-1.2174_FC5_dice_1.1 #1 Fri Sep 8 10:47:49 BST 2006 i686
libc:glibc 2.4 NPTL 2.4 
rlimit: STACK 10240k, CORE 0k, NPROC 16254, NOFILE 1024, AS infinity
load average:0.40 0.62 0.56

CPU:total 1 family 15, cmov, cx8, fxsr, mmx, sse, sse2, ht

Memory: 4k page, physical 1026872k(31036k free), swap 2048276k(1328696k free)

vm_info: Java HotSpot(TM) Client VM (1.6.0-b105) for linux-x86, built on Nov 29 2006 01:24:38 by "java_re" with gcc 3.2.1-7a (J2SE release)

